{
  "RSpec": {
    "coverage": {
      "/home/wadror/lansessions/app/helpers/application_helper.rb": [
        1,
        null
      ],
      "/home/wadror/lansessions/app/helpers/games_helper.rb": [
        1,
        null
      ],
      "/home/wadror/lansessions/app/models/game.rb": [
        1,
        1,
        null
      ],
      "/home/wadror/lansessions/app/controllers/games_controller.rb": [
        0,
        0,
        0,
        0,
        0,
        0,
        0,
        0,
        0,
        0,
        0,
        0,
        0,
        0,
        0,
        0,
        0,
        0,
        0,
        0,
        0,
        0,
        0,
        0,
        0,
        0,
        0,
        0,
        0,
        0,
        0,
        0,
        0,
        0,
        0,
        0,
        0,
        0,
        0,
        0,
        0,
        0,
        0,
        0,
        0,
        0,
        0,
        0,
        0,
        0,
        0,
        0,
        0,
        0,
        0,
        0,
        0,
        0,
        0,
        0,
        0,
        0,
        0,
        0,
        0,
        0,
        0,
        0,
        0,
        0,
        0,
        0,
        0,
        0
      ],
      "/home/wadror/lansessions/app/controllers/application_controller.rb": [
        0,
        0,
        0,
        0,
        0
      ]
    },
    "timestamp": 1491245604
  }
}
